{
  "RSpec": {
    "coverage": {
      "/home/elena/projects/instaDog/config/environment.rb": [
        null,
        1,
        null,
        null,
        1
      ],
      "/home/elena/projects/instaDog/config/application.rb": [
        1,
        null,
        null,
        1,
        1,
        1,
        1,
        1,
        1,
        1,
        null,
        null,
        null,
        null,
        1,
        null,
        1,
        1,
        null,
        null,
        null,
        null,
        null,
        null,
        null,
        null,
        null,
        null,
        null,
        null,
        null,
        1,
        null,
        null
      ],
      "/home/elena/projects/instaDog/config/boot.rb": [
        1,
        null,
        1
      ],
      "/home/elena/projects/instaDog/config/environments/test.rb": [
        1,
        null,
        null,
        null,
        null,
        null,
        null,
        1,
        null,
        null,
        null,
        null,
        1,
        null,
        null,
        1,
        1,
        null,
        null,
        1,
        1,
        null,
        null,
        1,
        null,
        null,
        1,
        null,
        null,
        null,
        null,
        1,
        null,
        null,
        1,
        null,
        null,
        1,
        null,
        null,
        null,
        null
      ],
      "/home/elena/projects/instaDog/config/initializers/assets.rb": [
        null,
        null,
        null,
        1,
        null,
        null,
        null,
        null,
        null,
        null,
        null
      ],
      "/home/elena/projects/instaDog/config/initializers/backtrace_silencers.rb": [
        null,
        null,
        null,
        null,
        null,
        null,
        null
      ],
      "/home/elena/projects/instaDog/config/initializers/cookies_serializer.rb": [
        null,
        null,
        1
      ],
      "/home/elena/projects/instaDog/config/initializers/devise.rb": [
        null,
        null,
        1,
        null,
        null,
        null,
        null,
        1,
        null,
        null,
        null,
        null,
        1,
        null,
        null,
        null,
        null,
        null,
        null,
        null,
        null,
        1,
        null,
        null,
        null,
        null,
        null,
        null,
        null,
        null,
        null,
        null,
        null,
        null,
        null,
        null,
        null,
        null,
        null,
        null,
        null,
        null,
        null,
        1,
        null,
        null,
        null,
        null,
        1,
        null,
        null,
        null,
        null,
        null,
        null,
        null,
        null,
        null,
        null,
        null,
        null,
        null,
        null,
        null,
        null,
        null,
        null,
        null,
        null,
        null,
        null,
        null,
        null,
        null,
        null,
        null,
        null,
        null,
        null,
        1,
        null,
        null,
        null,
        null,
        null,
        null,
        null,
        null,
        null,
        null,
        null,
        null,
        null,
        null,
        null,
        null,
        1,
        null,
        null,
        null,
        null,
        null,
        null,
        null,
        null,
        null,
        null,
        null,
        null,
        null,
        null,
        null,
        null,
        null,
        null,
        null,
        null,
        null,
        null,
        null,
        null,
        1,
        null,
        null,
        null,
        null,
        null,
        null,
        null,
        null,
        null,
        1,
        null,
        null,
        null,
        null,
        null,
        null,
        null,
        null,
        null,
        null,
        1,
        null,
        null,
        null,
        null,
        null,
        null,
        null,
        null,
        null,
        null,
        null,
        null,
        null,
        null,
        null,
        null,
        null,
        null,
        null,
        null,
        null,
        null,
        null,
        null,
        null,
        null,
        null,
        null,
        null,
        null,
        null,
        null,
        null,
        null,
        null,
        null,
        null,
        null,
        null,
        null,
        null,
        null,
        null,
        null,
        null,
        null,
        null,
        null,
        1,
        null,
        null,
        null,
        null,
        null,
        null,
        null,
        null,
        null,
        null,
        null,
        null,
        null,
        null,
        null,
        null,
        null,
        null,
        null,
        null,
        null,
        null,
        null,
        null,
        null,
        null,
        null,
        null,
        null,
        null,
        null,
        null,
        null,
        null,
        null,
        null,
        null,
        1,
        null,
        null,
        null,
        null,
        null,
        1,
        null,
        null,
        null,
        null,
        null,
        null,
        null,
        null,
        null,
        null,
        null,
        null,
        null,
        null,
        null,
        null,
        null,
        null,
        null,
        null,
        null,
        null,
        null,
        null
      ],
      "/home/elena/projects/instaDog/config/initializers/filter_parameter_logging.rb": [
        null,
        null,
        null,
        1
      ],
      "/home/elena/projects/instaDog/config/initializers/inflections.rb": [
        null,
        null,
        null,
        null,
        null,
        null,
        null,
        null,
        null,
        null,
        null,
        null,
        null,
        null,
        null,
        null
      ],
      "/home/elena/projects/instaDog/config/initializers/mime_types.rb": [
        null,
        null,
        null,
        null
      ],
      "/home/elena/projects/instaDog/config/initializers/session_store.rb": [
        null,
        null,
        1
      ],
      "/home/elena/projects/instaDog/config/initializers/wrap_parameters.rb": [
        null,
        null,
        null,
        null,
        null,
        null,
        1,
        1,
        null,
        null,
        null,
        null,
        null,
        null
      ],
      "/home/elena/projects/instaDog/config/routes.rb": [
        1,
        1,
        null,
        null,
        null,
        null,
        null,
        1,
        null,
        null,
        null,
        null,
        null,
        null,
        null,
        null,
        null,
        null,
        null,
        null,
        null,
        null,
        null,
        null,
        null,
        null,
        null,
        null,
        null,
        null,
        null,
        null,
        null,
        null,
        null,
        null,
        null,
        null,
        null,
        null,
        null,
        null,
        null,
        null,
        null,
        null,
        null,
        null,
        null,
        null,
        null,
        null,
        null,
        null,
        null,
        null,
        null,
        1,
        1,
        1,
        null,
        null,
        null
      ],
      "/home/elena/projects/instaDog/app/models/user.rb": [
        1,
        null,
        null,
        1,
        null,
        null,
        null,
        1,
        1,
        null,
        1,
        0,
        0,
        0,
        null,
        null,
        null,
        1,
        34,
        34,
        0,
        null,
        null,
        null,
        null,
        null
      ],
      "/home/elena/projects/instaDog/app/helpers/application_helper.rb": [
        1,
        null
      ],
      "/home/elena/projects/instaDog/app/helpers/likes_helper.rb": [
        1,
        null
      ],
      "/home/elena/projects/instaDog/app/helpers/posts_helper.rb": [
        1,
        null
      ],
      "/home/elena/projects/instaDog/app/helpers/reviews_helper.rb": [
        1,
        null
      ],
      "/home/elena/projects/instaDog/app/models/post.rb": [
        1,
        null,
        1,
        1,
        null,
        null,
        1,
        1,
        1,
        1,
        null,
        null
      ],
      "/home/elena/projects/instaDog/app/controllers/posts_controller.rb": [
        1,
        null,
        1,
        null,
        1,
        84,
        null,
        null,
        1,
        11,
        null,
        null,
        1,
        11,
        11,
        10,
        null,
        1,
        null,
        null,
        null,
        1,
        8,
        null,
        null,
        1,
        1,
        null,
        null,
        1,
        1,
        1,
        1,
        null,
        null,
        1,
        2,
        2,
        2,
        2,
        null,
        null,
        1,
        12,
        null,
        null,
        null
      ],
      "/home/elena/projects/instaDog/app/controllers/application_controller.rb": [
        1,
        null,
        null,
        1,
        null
      ],
      "/home/elena/projects/instaDog/app/models/like.rb": [
        1,
        1,
        null
      ],
      "/home/elena/projects/instaDog/app/models/review.rb": [
        1,
        1,
        1,
        null
      ],
      "/home/elena/projects/instaDog/app/controllers/reviews_controller.rb": [
        1,
        null,
        1,
        4,
        4,
        null,
        null,
        1,
        4,
        4,
        4,
        4,
        4,
        null,
        0,
        null,
        null,
        null,
        1,
        null,
        null,
        1,
        4,
        null,
        null,
        null
      ],
      "/home/elena/projects/instaDog/app/controllers/likes_controller.rb": [
        1,
        null,
        1,
        2,
        2,
        2,
        null,
        null,
        null
      ]
    },
    "timestamp": 1420636138
  }
}
